{"level":"error","message":"❌ MongoDB connection error: Error: querySrv ENOTFOUND _mongodb._tcp.booknest.dn5hxsn.mongodb.net\n    at QueryReqWrap.onresolve [as oncomplete] (node:internal/dns/promises:294:17) {\n  [stack]: [Getter/Setter],\n  [message]: 'querySrv ENOTFOUND _mongodb._tcp.booknest.dn5hxsn.mongodb.net',\n  errno: undefined,\n  code: 'ENOTFOUND',\n  syscall: 'querySrv',\n  hostname: '_mongodb._tcp.booknest.dn5hxsn.mongodb.net'\n}","timestamp":"2025-06-01 02:36:02"}
{"level":"info","message":"✅ Connected to MongoDB","timestamp":"2025-06-01 02:36:38"}
{"level":"info","message":"🚀 Server running on http://localhost:5000","timestamp":"2025-06-01 02:36:38"}
{"level":"info","message":"✅ Connected to MongoDB","timestamp":"2025-06-01 02:43:23"}
{"level":"info","message":"🚀 Server running on http://localhost:5000","timestamp":"2025-06-01 02:43:23"}
{"level":"info","message":"✅ Connected to MongoDB","timestamp":"2025-06-01 02:54:01"}
{"level":"info","message":"🚀 Server running on http://localhost:5000","timestamp":"2025-06-01 02:54:01"}
{"level":"error","message":"❌ MongoDB connection error: MongoServerError: bad auth : Authentication failed.\n    at Connection.sendCommand (D:\\Last-Web\\booknest-backend\\node_modules\\mongodb\\lib\\cmap\\connection.js:299:27)\n    at process.processTicksAndRejections (node:internal/process/task_queues:105:5)\n    at async Connection.command (D:\\Last-Web\\booknest-backend\\node_modules\\mongodb\\lib\\cmap\\connection.js:327:26)\n    at async executeScram (D:\\Last-Web\\booknest-backend\\node_modules\\mongodb\\lib\\cmap\\auth\\scram.js:79:22)\n    at async ScramSHA1.auth (D:\\Last-Web\\booknest-backend\\node_modules\\mongodb\\lib\\cmap\\auth\\scram.js:39:16)\n    at async performInitialHandshake (D:\\Last-Web\\booknest-backend\\node_modules\\mongodb\\lib\\cmap\\connect.js:104:13)\n    at async connect (D:\\Last-Web\\booknest-backend\\node_modules\\mongodb\\lib\\cmap\\connect.js:24:9) {\n  [stack]: [Getter/Setter],\n  [message]: 'bad auth : Authentication failed.',\n  errorLabelSet: Set(2) { 'HandshakeError', 'ResetPool' },\n  errorResponse: {\n    ok: 0,\n    errmsg: 'bad auth : Authentication failed.',\n    code: 8000,\n    codeName: 'AtlasError'\n  },\n  ok: 0,\n  code: 8000,\n  codeName: 'AtlasError',\n  connectionGeneration: 0,\n  [name]: [Getter],\n  [errorLabels]: [Getter],\n  [errmsg]: [Getter]\n}","timestamp":"2025-06-01 02:58:34"}
{"level":"info","message":"✅ Connected to MongoDB","timestamp":"2025-06-01 02:58:42"}
{"level":"info","message":"🚀 Server running on http://localhost:5000","timestamp":"2025-06-01 02:58:42"}
{"level":"info","message":"✅ Connected to MongoDB","timestamp":"2025-06-01 03:12:45"}
{"level":"info","message":"🚀 Server running on http://localhost:5000","timestamp":"2025-06-01 03:12:45"}
{"level":"error","message":"❌ MongoDB connection error: MongoServerError: bad auth : Authentication failed.\n    at Connection.sendCommand (D:\\Last-Web\\booknest-backend\\node_modules\\mongodb\\lib\\cmap\\connection.js:299:27)\n    at process.processTicksAndRejections (node:internal/process/task_queues:105:5)\n    at async Connection.command (D:\\Last-Web\\booknest-backend\\node_modules\\mongodb\\lib\\cmap\\connection.js:327:26)\n    at async executeScram (D:\\Last-Web\\booknest-backend\\node_modules\\mongodb\\lib\\cmap\\auth\\scram.js:79:22)\n    at async ScramSHA1.auth (D:\\Last-Web\\booknest-backend\\node_modules\\mongodb\\lib\\cmap\\auth\\scram.js:39:16)\n    at async performInitialHandshake (D:\\Last-Web\\booknest-backend\\node_modules\\mongodb\\lib\\cmap\\connect.js:104:13)\n    at async connect (D:\\Last-Web\\booknest-backend\\node_modules\\mongodb\\lib\\cmap\\connect.js:24:9) {\n  [stack]: [Getter/Setter],\n  [message]: 'bad auth : Authentication failed.',\n  errorLabelSet: Set(2) { 'HandshakeError', 'ResetPool' },\n  errorResponse: {\n    ok: 0,\n    errmsg: 'bad auth : Authentication failed.',\n    code: 8000,\n    codeName: 'AtlasError'\n  },\n  ok: 0,\n  code: 8000,\n  codeName: 'AtlasError',\n  connectionGeneration: 0,\n  [name]: [Getter],\n  [errorLabels]: [Getter],\n  [errmsg]: [Getter]\n}","timestamp":"2025-06-01 03:16:17"}
{"level":"info","message":"✅ Connected to MongoDB","timestamp":"2025-06-01 03:16:23"}
{"level":"info","message":"🚀 Server running on http://localhost:5000","timestamp":"2025-06-01 03:16:23"}
{"level":"info","message":"✅ Connected to MongoDB","timestamp":"2025-06-02 19:25:43"}
{"level":"info","message":"🚀 Server running on http://localhost:5000","timestamp":"2025-06-02 19:25:43"}
{"level":"info","message":"✅ Connected to MongoDB","timestamp":"2025-06-03 02:19:57"}
{"level":"info","message":"🚀 Server running on http://localhost:5000","timestamp":"2025-06-03 02:19:57"}
{"level":"info","message":"✅ Connected to MongoDB","timestamp":"2025-06-03 02:24:30"}
{"level":"info","message":"🚀 Server running on http://localhost:5000","timestamp":"2025-06-03 02:24:30"}
{"level":"error","message":"❌ MongoDB connection error: MongoServerError: bad auth : Authentication failed.\n    at Connection.sendCommand (D:\\Last-Web\\booknest-backend\\node_modules\\mongodb\\lib\\cmap\\connection.js:299:27)\n    at process.processTicksAndRejections (node:internal/process/task_queues:105:5)\n    at async Connection.command (D:\\Last-Web\\booknest-backend\\node_modules\\mongodb\\lib\\cmap\\connection.js:327:26)\n    at async executeScram (D:\\Last-Web\\booknest-backend\\node_modules\\mongodb\\lib\\cmap\\auth\\scram.js:79:22)\n    at async ScramSHA1.auth (D:\\Last-Web\\booknest-backend\\node_modules\\mongodb\\lib\\cmap\\auth\\scram.js:39:16)\n    at async performInitialHandshake (D:\\Last-Web\\booknest-backend\\node_modules\\mongodb\\lib\\cmap\\connect.js:104:13)\n    at async connect (D:\\Last-Web\\booknest-backend\\node_modules\\mongodb\\lib\\cmap\\connect.js:24:9) {\n  [stack]: [Getter/Setter],\n  [message]: 'bad auth : Authentication failed.',\n  errorLabelSet: Set(2) { 'HandshakeError', 'ResetPool' },\n  errorResponse: {\n    ok: 0,\n    errmsg: 'bad auth : Authentication failed.',\n    code: 8000,\n    codeName: 'AtlasError'\n  },\n  ok: 0,\n  code: 8000,\n  codeName: 'AtlasError',\n  connectionGeneration: 0,\n  [name]: [Getter],\n  [errorLabels]: [Getter],\n  [errmsg]: [Getter]\n}","timestamp":"2025-06-03 02:29:04"}
{"level":"info","message":"✅ Connected to MongoDB","timestamp":"2025-06-03 02:29:51"}
{"level":"info","message":"🚀 Server running on http://localhost:5000","timestamp":"2025-06-03 02:29:51"}
{"level":"info","message":"✅ Connected to MongoDB","timestamp":"2025-06-03 02:34:46"}
{"level":"info","message":"🚀 Server running on http://localhost:5000","timestamp":"2025-06-03 02:34:46"}
<<<<<<< HEAD
{"level":"info","message":"✅ Connected to MongoDB","timestamp":"2025-06-03 03:31:47"}
{"level":"info","message":"🚀 Server running on http://localhost:5000","timestamp":"2025-06-03 03:31:47"}
{"level":"error","message":"❌ MongoDB connection error: Error: querySrv ENOTFOUND _mongodb._tcp.booknest.dn5hxsn.mongodb.net\n    at QueryReqWrap.onresolve [as oncomplete] (node:internal/dns/promises:294:17) {\n  [stack]: [Getter/Setter],\n  [message]: 'querySrv ENOTFOUND _mongodb._tcp.booknest.dn5hxsn.mongodb.net',\n  errno: undefined,\n  code: 'ENOTFOUND',\n  syscall: 'querySrv',\n  hostname: '_mongodb._tcp.booknest.dn5hxsn.mongodb.net'\n}","timestamp":"2025-06-03 16:41:07"}
{"level":"info","message":"✅ Connected to MongoDB","timestamp":"2025-06-03 16:41:27"}
{"level":"info","message":"🚀 Server running on http://localhost:5000","timestamp":"2025-06-03 16:41:27"}
{"level":"error","message":"❌ MongoDB connection error: Error: querySrv ENOTFOUND _mongodb._tcp.booknest.dn5hxsn.mongodb.net\n    at QueryReqWrap.onresolve [as oncomplete] (node:internal/dns/promises:294:17) {\n  [stack]: [Getter/Setter],\n  [message]: 'querySrv ENOTFOUND _mongodb._tcp.booknest.dn5hxsn.mongodb.net',\n  errno: undefined,\n  code: 'ENOTFOUND',\n  syscall: 'querySrv',\n  hostname: '_mongodb._tcp.booknest.dn5hxsn.mongodb.net'\n}","timestamp":"2025-06-04 11:31:05"}
{"level":"info","message":"✅ Connected to MongoDB","timestamp":"2025-06-04 11:31:14"}
{"level":"info","message":"🚀 Server running on http://localhost:5000","timestamp":"2025-06-04 11:31:14"}
{"level":"error","message":"❌ MongoDB connection error: Error: querySrv ENOTFOUND _mongodb._tcp.booknest.dn5hxsn.mongodb.net\n    at QueryReqWrap.onresolve [as oncomplete] (node:internal/dns/promises:294:17) {\n  [stack]: [Getter/Setter],\n  [message]: 'querySrv ENOTFOUND _mongodb._tcp.booknest.dn5hxsn.mongodb.net',\n  errno: undefined,\n  code: 'ENOTFOUND',\n  syscall: 'querySrv',\n  hostname: '_mongodb._tcp.booknest.dn5hxsn.mongodb.net'\n}","timestamp":"2025-06-04 11:51:30"}
{"level":"info","message":"✅ Connected to MongoDB","timestamp":"2025-06-04 11:51:39"}
{"level":"info","message":"🚀 Server running on http://localhost:5000","timestamp":"2025-06-04 11:51:39"}
{"level":"info","message":"✅ Connected to MongoDB","timestamp":"2025-06-04 11:54:08"}
{"level":"info","message":"🚀 Server running on http://localhost:5000","timestamp":"2025-06-04 11:54:08"}
{"level":"info","message":"✅ Connected to MongoDB","timestamp":"2025-06-04 11:58:29"}
{"level":"info","message":"🚀 Server running on http://localhost:5000","timestamp":"2025-06-04 11:58:29"}
{"level":"error","message":"❌ MongoDB connection error: Error: querySrv ENOTFOUND _mongodb._tcp.booknest.dn5hxsn.mongodb.net\n    at QueryReqWrap.onresolve [as oncomplete] (node:internal/dns/promises:294:17) {\n  [stack]: [Getter/Setter],\n  [message]: 'querySrv ENOTFOUND _mongodb._tcp.booknest.dn5hxsn.mongodb.net',\n  errno: undefined,\n  code: 'ENOTFOUND',\n  syscall: 'querySrv',\n  hostname: '_mongodb._tcp.booknest.dn5hxsn.mongodb.net'\n}","timestamp":"2025-06-04 12:03:17"}
{"level":"info","message":"✅ Connected to MongoDB","timestamp":"2025-06-04 12:03:25"}
{"level":"info","message":"🚀 Server running on http://localhost:5000","timestamp":"2025-06-04 12:03:25"}
{"level":"error","message":"❌ MongoDB connection error: Error: querySrv ENOTFOUND _mongodb._tcp.booknest.dn5hxsn.mongodb.net\n    at QueryReqWrap.onresolve [as oncomplete] (node:internal/dns/promises:294:17) {\n  [stack]: [Getter/Setter],\n  [message]: 'querySrv ENOTFOUND _mongodb._tcp.booknest.dn5hxsn.mongodb.net',\n  errno: undefined,\n  code: 'ENOTFOUND',\n  syscall: 'querySrv',\n  hostname: '_mongodb._tcp.booknest.dn5hxsn.mongodb.net'\n}","timestamp":"2025-06-04 12:33:22"}
{"level":"info","message":"✅ Connected to MongoDB","timestamp":"2025-06-04 12:33:34"}
{"level":"info","message":"🚀 Server running on http://localhost:5000","timestamp":"2025-06-04 12:33:34"}
=======
{"level":"info","message":"✅ Connected to MongoDB","timestamp":"2025-06-03 03:11:39"}
{"level":"info","message":"🚀 Server running on http://localhost:5000","timestamp":"2025-06-03 03:11:39"}
>>>>>>> bf605a15a6d94f80e2134436ce7cbb0fb2a8c031
{"level":"error","message":"❌ MongoDB connection error: Error: querySrv ENOTFOUND _mongodb._tcp.booknest.dn5hxsn.mongodb.net\n    at QueryReqWrap.onresolve [as oncomplete] (node:internal/dns/promises:294:17) {\n  [stack]: [Getter/Setter],\n  [message]: 'querySrv ENOTFOUND _mongodb._tcp.booknest.dn5hxsn.mongodb.net',\n  errno: undefined,\n  code: 'ENOTFOUND',\n  syscall: 'querySrv',\n  hostname: '_mongodb._tcp.booknest.dn5hxsn.mongodb.net'\n}","timestamp":"2025-06-04 16:52:07"}
{"level":"info","message":"✅ Connected to MongoDB","timestamp":"2025-06-04 16:52:12"}
{"level":"info","message":"🚀 Server running on http://localhost:5000","timestamp":"2025-06-04 16:52:12"}
{"level":"error","message":"❌ MongoDB connection error: MongoServerError: bad auth : Authentication failed.\n    at Connection.sendCommand (D:\\copy\\backend-com\\Last-Web\\booknest-backend\\node_modules\\mongodb\\lib\\cmap\\connection.js:299:27)\n    at process.processTicksAndRejections (node:internal/process/task_queues:105:5)\n    at async Connection.command (D:\\copy\\backend-com\\Last-Web\\booknest-backend\\node_modules\\mongodb\\lib\\cmap\\connection.js:327:26)\n    at async executeScram (D:\\copy\\backend-com\\Last-Web\\booknest-backend\\node_modules\\mongodb\\lib\\cmap\\auth\\scram.js:79:22)\n    at async ScramSHA1.auth (D:\\copy\\backend-com\\Last-Web\\booknest-backend\\node_modules\\mongodb\\lib\\cmap\\auth\\scram.js:39:16)\n    at async performInitialHandshake (D:\\copy\\backend-com\\Last-Web\\booknest-backend\\node_modules\\mongodb\\lib\\cmap\\connect.js:104:13)\n    at async connect (D:\\copy\\backend-com\\Last-Web\\booknest-backend\\node_modules\\mongodb\\lib\\cmap\\connect.js:24:9) {\n  [stack]: [Getter/Setter],\n  [message]: 'bad auth : Authentication failed.',\n  errorLabelSet: Set(2) { 'HandshakeError', 'ResetPool' },\n  errorResponse: {\n    ok: 0,\n    errmsg: 'bad auth : Authentication failed.',\n    code: 8000,\n    codeName: 'AtlasError'\n  },\n  ok: 0,\n  code: 8000,\n  codeName: 'AtlasError',\n  connectionGeneration: 0,\n  [name]: [Getter],\n  [errorLabels]: [Getter],\n  [errmsg]: [Getter]\n}","timestamp":"2025-06-04 17:13:00"}
{"level":"info","message":"✅ Connected to MongoDB","timestamp":"2025-06-04 17:13:06"}
{"level":"info","message":"🚀 Server running on http://localhost:5000","timestamp":"2025-06-04 17:13:06"}
{"level":"info","message":"✅ Connected to MongoDB","timestamp":"2025-06-04 17:34:09"}
{"level":"info","message":"🚀 Server running on http://localhost:5000","timestamp":"2025-06-04 17:34:09"}
{"level":"info","message":"✅ Connected to MongoDB","timestamp":"2025-06-04 17:47:49"}
{"level":"info","message":"🚀 Server running on http://localhost:5000","timestamp":"2025-06-04 17:47:49"}
{"level":"info","message":"✅ Connected to MongoDB","timestamp":"2025-06-04 21:11:22"}
{"level":"info","message":"🚀 Server running on http://localhost:5000","timestamp":"2025-06-04 21:11:22"}
{"level":"info","message":"✅ Connected to MongoDB","timestamp":"2025-06-04 21:26:11"}
{"level":"info","message":"🚀 Server running at http://localhost:5000","timestamp":"2025-06-04 21:26:11"}
{"level":"error","message":"❌ MongoDB connection error: Error: querySrv ENOTFOUND _mongodb._tcp.booknest.dn5hxsn.mongodb.net\n    at QueryReqWrap.onresolve [as oncomplete] (node:internal/dns/promises:294:17) {\n  [stack]: [Getter/Setter],\n  [message]: 'querySrv ENOTFOUND _mongodb._tcp.booknest.dn5hxsn.mongodb.net',\n  errno: undefined,\n  code: 'ENOTFOUND',\n  syscall: 'querySrv',\n  hostname: '_mongodb._tcp.booknest.dn5hxsn.mongodb.net'\n}","timestamp":"2025-06-04 21:36:06"}
{"level":"info","message":"✅ Connected to MongoDB","timestamp":"2025-06-04 21:36:25"}
{"level":"info","message":"🚀 Server running at http://localhost:5000","timestamp":"2025-06-04 21:36:25"}
{"level":"info","message":"✅ Connected to MongoDB","timestamp":"2025-06-04 21:57:49"}
{"level":"info","message":"🚀 Server running at http://localhost:5000","timestamp":"2025-06-04 21:57:49"}
{"level":"error","message":"❌ MongoDB connection error: Error: querySrv ENOTFOUND _mongodb._tcp.booknest.dn5hxsn.mongodb.net\n    at QueryReqWrap.onresolve [as oncomplete] (node:internal/dns/promises:294:17) {\n  [stack]: [Getter/Setter],\n  [message]: 'querySrv ENOTFOUND _mongodb._tcp.booknest.dn5hxsn.mongodb.net',\n  errno: undefined,\n  code: 'ENOTFOUND',\n  syscall: 'querySrv',\n  hostname: '_mongodb._tcp.booknest.dn5hxsn.mongodb.net'\n}","timestamp":"2025-06-04 22:47:12"}
{"level":"info","message":"✅ Connected to MongoDB","timestamp":"2025-06-04 22:47:22"}
{"level":"info","message":"🚀 Server running at http://localhost:5000","timestamp":"2025-06-04 22:47:22"}
{"level":"error","message":"❌ MongoDB connection error: Error: querySrv ENOTFOUND _mongodb._tcp.booknest.dn5hxsn.mongodb.net\n    at QueryReqWrap.onresolve [as oncomplete] (node:internal/dns/promises:294:17) {\n  [stack]: [Getter/Setter],\n  [message]: 'querySrv ENOTFOUND _mongodb._tcp.booknest.dn5hxsn.mongodb.net',\n  errno: undefined,\n  code: 'ENOTFOUND',\n  syscall: 'querySrv',\n  hostname: '_mongodb._tcp.booknest.dn5hxsn.mongodb.net'\n}","timestamp":"2025-06-04 23:05:54"}
{"level":"info","message":"✅ Connected to MongoDB","timestamp":"2025-06-04 23:05:59"}
{"level":"info","message":"🚀 Server running at http://localhost:5000","timestamp":"2025-06-04 23:05:59"}
{"level":"info","message":"✅ Connected to MongoDB","timestamp":"2025-06-05 11:48:41"}
{"level":"info","message":"🚀 Server running at http://localhost:5000","timestamp":"2025-06-05 11:48:41"}
{"level":"warn","message":"Unknown route accessed: GET /profile%20pic.jpeg","timestamp":"2025-06-05 11:50:16"}
{"level":"warn","message":"Unknown route accessed: GET /profile%20pic.jpeg","timestamp":"2025-06-05 11:54:36"}
{"level":"warn","message":"Unknown route accessed: GET /profile%20pic.jpeg","timestamp":"2025-06-05 11:54:50"}
{"level":"warn","message":"Unknown route accessed: GET /profile%20pic.jpeg","timestamp":"2025-06-05 11:56:56"}
{"level":"warn","message":"Unknown route accessed: POST /api/signin","timestamp":"2025-06-05 14:22:57"}
{"level":"warn","message":"Unknown route accessed: POST /api/signin","timestamp":"2025-06-05 14:23:00"}
{"level":"warn","message":"Unknown route accessed: POST /api/signin","timestamp":"2025-06-05 14:23:27"}
{"level":"warn","message":"Unknown route accessed: POST /api/signin","timestamp":"2025-06-05 14:25:24"}
{"level":"warn","message":"Unknown route accessed: POST /api/signin","timestamp":"2025-06-05 14:25:26"}
{"level":"warn","message":"Unknown route accessed: POST /api/signin","timestamp":"2025-06-05 14:25:32"}
{"level":"warn","message":"Unknown route accessed: POST /api/signin","timestamp":"2025-06-05 14:25:33"}
{"level":"warn","message":"Unknown route accessed: POST /api/signin","timestamp":"2025-06-05 14:25:43"}
{"level":"warn","message":"Unknown route accessed: GET /profile%20pic.jpeg","timestamp":"2025-06-05 15:15:23"}
{"level":"warn","message":"Unknown route accessed: GET /profile%20pic.jpeg","timestamp":"2025-06-05 15:16:33"}
{"level":"info","message":"✅ Connected to MongoDB","timestamp":"2025-06-05 17:40:14"}
{"level":"info","message":"🚀 Server running at http://localhost:5000","timestamp":"2025-06-05 17:40:14"}
{"level":"info","message":"✅ Connected to MongoDB","timestamp":"2025-06-07 09:20:59"}
{"level":"info","message":"🚀 Server running at http://localhost:5000","timestamp":"2025-06-07 09:20:59"}
{"level":"error","message":"❌ MongoDB connection error: Error: querySrv ENOTFOUND _mongodb._tcp.booknest.dn5hxsn.mongodb.net\n    at QueryReqWrap.onresolve [as oncomplete] (node:internal/dns/promises:294:17) {\n  [stack]: [Getter/Setter],\n  [message]: 'querySrv ENOTFOUND _mongodb._tcp.booknest.dn5hxsn.mongodb.net',\n  errno: undefined,\n  code: 'ENOTFOUND',\n  syscall: 'querySrv',\n  hostname: '_mongodb._tcp.booknest.dn5hxsn.mongodb.net'\n}","timestamp":"2025-06-07 09:35:45"}
{"level":"info","message":"✅ Connected to MongoDB","timestamp":"2025-06-07 09:35:55"}
{"level":"info","message":"🚀 Server running at http://localhost:5000","timestamp":"2025-06-07 09:35:55"}
{"level":"warn","message":"Unknown route accessed: POST /api/cart","timestamp":"2025-06-07 09:36:31"}
{"level":"warn","message":"Unknown route accessed: POST /api/cart","timestamp":"2025-06-07 09:36:37"}
{"level":"error","message":"❌ MongoDB connection error: Error: querySrv ENOTFOUND _mongodb._tcp.booknest.dn5hxsn.mongodb.net\n    at QueryReqWrap.onresolve [as oncomplete] (node:internal/dns/promises:294:17) {\n  [stack]: [Getter/Setter],\n  [message]: 'querySrv ENOTFOUND _mongodb._tcp.booknest.dn5hxsn.mongodb.net',\n  errno: undefined,\n  code: 'ENOTFOUND',\n  syscall: 'querySrv',\n  hostname: '_mongodb._tcp.booknest.dn5hxsn.mongodb.net'\n}","timestamp":"2025-06-07 09:38:45"}
{"level":"info","message":"✅ Connected to MongoDB","timestamp":"2025-06-07 09:38:50"}
{"level":"info","message":"🚀 Server running at http://localhost:5000","timestamp":"2025-06-07 09:38:50"}
{"level":"error","message":"❌ MongoDB connection error: Error: querySrv ENOTFOUND _mongodb._tcp.booknest.dn5hxsn.mongodb.net\n    at QueryReqWrap.onresolve [as oncomplete] (node:internal/dns/promises:294:17) {\n  [stack]: [Getter/Setter],\n  [message]: 'querySrv ENOTFOUND _mongodb._tcp.booknest.dn5hxsn.mongodb.net',\n  errno: undefined,\n  code: 'ENOTFOUND',\n  syscall: 'querySrv',\n  hostname: '_mongodb._tcp.booknest.dn5hxsn.mongodb.net'\n}","timestamp":"2025-06-07 09:53:47"}
{"level":"info","message":"✅ Connected to MongoDB","timestamp":"2025-06-07 09:53:58"}
{"level":"info","message":"🚀 Server running at http://localhost:5000","timestamp":"2025-06-07 09:53:58"}
{"level":"error","message":"❌ MongoDB connection error: Error: querySrv ENOTFOUND _mongodb._tcp.booknest.dn5hxsn.mongodb.net\n    at QueryReqWrap.onresolve [as oncomplete] (node:internal/dns/promises:294:17) {\n  [stack]: [Getter/Setter],\n  [message]: 'querySrv ENOTFOUND _mongodb._tcp.booknest.dn5hxsn.mongodb.net',\n  errno: undefined,\n  code: 'ENOTFOUND',\n  syscall: 'querySrv',\n  hostname: '_mongodb._tcp.booknest.dn5hxsn.mongodb.net'\n}","timestamp":"2025-06-07 09:57:47"}
{"level":"info","message":"✅ Connected to MongoDB","timestamp":"2025-06-07 09:58:01"}
{"level":"info","message":"🚀 Server running at http://localhost:5000","timestamp":"2025-06-07 09:58:01"}
{"level":"warn","message":"Unknown route accessed: GET /assets/visa-logo-png-2029.png","timestamp":"2025-06-07 10:38:54"}
{"level":"warn","message":"Unknown route accessed: GET /assets/paypal-logo-png-2140.png","timestamp":"2025-06-07 10:38:54"}
{"level":"warn","message":"Unknown route accessed: GET /assets/mastercard-26149.png","timestamp":"2025-06-07 10:38:54"}
{"level":"warn","message":"Unknown route accessed: GET /assets/mastercard-26149.png","timestamp":"2025-06-07 10:43:12"}
{"level":"warn","message":"Unknown route accessed: GET /assets/visa-logo-png-2029.png","timestamp":"2025-06-07 10:43:12"}
{"level":"warn","message":"Unknown route accessed: GET /assets/paypal-logo-png-2140.png","timestamp":"2025-06-07 10:43:12"}
{"level":"warn","message":"Unknown route accessed: GET /assets/mastercard-26149.png","timestamp":"2025-06-07 10:43:16"}
{"level":"warn","message":"Unknown route accessed: GET /assets/visa-logo-png-2029.png","timestamp":"2025-06-07 10:43:16"}
{"level":"warn","message":"Unknown route accessed: GET /assets/paypal-logo-png-2140.png","timestamp":"2025-06-07 10:43:16"}
{"level":"warn","message":"Unknown route accessed: GET /assets/mastercard-26149.png","timestamp":"2025-06-07 10:47:17"}
{"level":"warn","message":"Unknown route accessed: GET /assets/visa-logo-png-2029.png","timestamp":"2025-06-07 10:47:17"}
{"level":"warn","message":"Unknown route accessed: GET /assets/paypal-logo-png-2140.png","timestamp":"2025-06-07 10:47:17"}
{"level":"warn","message":"Unknown route accessed: GET /assets/mastercard-26149.png","timestamp":"2025-06-07 10:47:20"}
{"level":"warn","message":"Unknown route accessed: GET /assets/visa-logo-png-2029.png","timestamp":"2025-06-07 10:47:20"}
{"level":"warn","message":"Unknown route accessed: GET /assets/paypal-logo-png-2140.png","timestamp":"2025-06-07 10:47:20"}
{"level":"warn","message":"Unknown route accessed: GET /assets/mastercard-26149.png","timestamp":"2025-06-07 10:52:35"}
{"level":"warn","message":"Unknown route accessed: GET /assets/visa-logo-png-2029.png","timestamp":"2025-06-07 10:52:35"}
{"level":"warn","message":"Unknown route accessed: GET /assets/paypal-logo-png-2140.png","timestamp":"2025-06-07 10:52:36"}
{"level":"error","message":"❌ MongoDB connection error: Error: querySrv ENOTFOUND _mongodb._tcp.booknest.dn5hxsn.mongodb.net\n    at QueryReqWrap.onresolve [as oncomplete] (node:internal/dns/promises:294:17) {\n  [stack]: [Getter/Setter],\n  [message]: 'querySrv ENOTFOUND _mongodb._tcp.booknest.dn5hxsn.mongodb.net',\n  errno: undefined,\n  code: 'ENOTFOUND',\n  syscall: 'querySrv',\n  hostname: '_mongodb._tcp.booknest.dn5hxsn.mongodb.net'\n}","timestamp":"2025-06-07 10:53:26"}
{"level":"info","message":"✅ Connected to MongoDB","timestamp":"2025-06-07 10:53:37"}
{"level":"info","message":"🚀 Server running at http://localhost:5000","timestamp":"2025-06-07 10:53:37"}
{"level":"warn","message":"Unknown route accessed: GET /main.f18ac2643a2a3c33659f.hot-update.json","timestamp":"2025-06-07 10:53:55"}
{"level":"warn","message":"Unknown route accessed: GET /assets/mastercard-26149.png","timestamp":"2025-06-07 10:53:56"}
{"level":"warn","message":"Unknown route accessed: GET /assets/visa-logo-png-2029.png","timestamp":"2025-06-07 10:53:56"}
{"level":"warn","message":"Unknown route accessed: GET /assets/paypal-logo-png-2140.png","timestamp":"2025-06-07 10:53:56"}
{"level":"warn","message":"Unknown route accessed: GET /assets/mastercard-26149.png","timestamp":"2025-06-07 10:53:59"}
{"level":"warn","message":"Unknown route accessed: GET /assets/visa-logo-png-2029.png","timestamp":"2025-06-07 10:53:59"}
{"level":"warn","message":"Unknown route accessed: GET /assets/paypal-logo-png-2140.png","timestamp":"2025-06-07 10:53:59"}
{"level":"warn","message":"Unknown route accessed: GET /assets/mastercard-26149.png","timestamp":"2025-06-07 10:54:12"}
{"level":"warn","message":"Unknown route accessed: GET /assets/visa-logo-png-2029.png","timestamp":"2025-06-07 10:54:12"}
{"level":"warn","message":"Unknown route accessed: GET /assets/paypal-logo-png-2140.png","timestamp":"2025-06-07 10:54:12"}
{"level":"warn","message":"Unknown route accessed: GET /assets/mastercard-26149.png","timestamp":"2025-06-07 10:54:24"}
{"level":"warn","message":"Unknown route accessed: GET /assets/visa-logo-png-2029.png","timestamp":"2025-06-07 10:54:24"}
{"level":"warn","message":"Unknown route accessed: GET /assets/paypal-logo-png-2140.png","timestamp":"2025-06-07 10:54:24"}
{"level":"warn","message":"Unknown route accessed: GET /assets/mastercard-26149.png","timestamp":"2025-06-07 10:54:33"}
{"level":"warn","message":"Unknown route accessed: GET /assets/visa-logo-png-2029.png","timestamp":"2025-06-07 10:54:33"}
{"level":"warn","message":"Unknown route accessed: GET /assets/paypal-logo-png-2140.png","timestamp":"2025-06-07 10:54:33"}
{"level":"warn","message":"Unknown route accessed: GET /assets/mastercard-26149.png","timestamp":"2025-06-07 10:54:40"}
{"level":"warn","message":"Unknown route accessed: GET /assets/visa-logo-png-2029.png","timestamp":"2025-06-07 10:54:40"}
{"level":"warn","message":"Unknown route accessed: GET /assets/paypal-logo-png-2140.png","timestamp":"2025-06-07 10:54:40"}
{"level":"warn","message":"Unknown route accessed: GET /assets/mastercard-26149.png","timestamp":"2025-06-07 10:55:31"}
{"level":"warn","message":"Unknown route accessed: GET /assets/visa-logo-png-2029.png","timestamp":"2025-06-07 10:55:31"}
{"level":"warn","message":"Unknown route accessed: GET /assets/paypal-logo-png-2140.png","timestamp":"2025-06-07 10:55:31"}
{"level":"info","message":"✅ Connected to MongoDB","timestamp":"2025-06-07 11:04:58"}
{"level":"info","message":"🚀 Server running at http://localhost:5000","timestamp":"2025-06-07 11:04:58"}
{"level":"warn","message":"Unknown route accessed: GET /api/auth","timestamp":"2025-06-07 11:12:37"}
{"level":"warn","message":"Unknown route accessed: GET /api/auth","timestamp":"2025-06-07 11:12:37"}
{"level":"warn","message":"Unknown route accessed: GET /api/auth","timestamp":"2025-06-07 11:21:48"}
{"level":"info","message":"✅ Connected to MongoDB","timestamp":"2025-06-07 11:22:07"}
{"level":"info","message":"🚀 Server running at http://localhost:5000","timestamp":"2025-06-07 11:22:07"}
{"level":"warn","message":"Unknown route accessed: GET /api/auth","timestamp":"2025-06-07 11:22:28"}
{"level":"warn","message":"Unknown route accessed: GET /api/auth","timestamp":"2025-06-07 11:22:28"}
{"level":"warn","message":"Unknown route accessed: GET /api/auth","timestamp":"2025-06-07 11:22:33"}
{"level":"warn","message":"Unknown route accessed: GET /api/auth","timestamp":"2025-06-07 11:22:33"}
{"level":"error","message":"❌ MongoDB connection error: Error: querySrv ENOTFOUND _mongodb._tcp.booknest.dn5hxsn.mongodb.net\n    at QueryReqWrap.onresolve [as oncomplete] (node:internal/dns/promises:294:17) {\n  [stack]: [Getter/Setter],\n  [message]: 'querySrv ENOTFOUND _mongodb._tcp.booknest.dn5hxsn.mongodb.net',\n  errno: undefined,\n  code: 'ENOTFOUND',\n  syscall: 'querySrv',\n  hostname: '_mongodb._tcp.booknest.dn5hxsn.mongodb.net'\n}","timestamp":"2025-06-07 11:24:02"}
{"level":"info","message":"✅ Connected to MongoDB","timestamp":"2025-06-07 11:24:12"}
{"level":"info","message":"🚀 Server running at http://localhost:5000","timestamp":"2025-06-07 11:24:12"}
{"level":"warn","message":"Unknown route accessed: POST /api/login","timestamp":"2025-06-07 11:24:55"}
{"level":"warn","message":"Unknown route accessed: POST /api/login","timestamp":"2025-06-07 11:24:59"}
{"level":"warn","message":"Unknown route accessed: POST /api/login","timestamp":"2025-06-07 11:25:01"}
{"level":"warn","message":"Unknown route accessed: POST /api/login","timestamp":"2025-06-07 11:25:08"}
{"level":"warn","message":"Unknown route accessed: POST /api/login","timestamp":"2025-06-07 11:25:29"}
{"level":"error","message":"❌ MongoDB connection error: Error: querySrv ENOTFOUND _mongodb._tcp.booknest.dn5hxsn.mongodb.net\n    at QueryReqWrap.onresolve [as oncomplete] (node:internal/dns/promises:294:17) {\n  [stack]: [Getter/Setter],\n  [message]: 'querySrv ENOTFOUND _mongodb._tcp.booknest.dn5hxsn.mongodb.net',\n  errno: undefined,\n  code: 'ENOTFOUND',\n  syscall: 'querySrv',\n  hostname: '_mongodb._tcp.booknest.dn5hxsn.mongodb.net'\n}","timestamp":"2025-06-07 11:30:16"}
{"level":"info","message":"✅ Connected to MongoDB","timestamp":"2025-06-07 11:30:24"}
{"level":"info","message":"🚀 Server running at http://localhost:5000","timestamp":"2025-06-07 11:30:24"}
{"level":"warn","message":"Unknown route accessed: POST /api/login","timestamp":"2025-06-07 11:30:28"}
{"level":"warn","message":"Unknown route accessed: POST /api/login","timestamp":"2025-06-07 11:30:29"}
{"level":"info","message":"✅ Connected to MongoDB","timestamp":"2025-06-07 11:33:35"}
{"level":"info","message":"🚀 Server running at http://localhost:5000","timestamp":"2025-06-07 11:33:35"}
{"level":"info","message":"✅ Connected to MongoDB","timestamp":"2025-06-07 11:39:20"}
{"level":"info","message":"🚀 Server running at http://localhost:5000","timestamp":"2025-06-07 11:39:20"}
{"level":"warn","message":"Unknown route accessed: GET /main.cb6c7191464f5ed5794d.hot-update.json","timestamp":"2025-06-07 11:54:46"}
{"level":"info","message":"✅ Connected to MongoDB","timestamp":"2025-06-07 13:00:14"}
{"level":"info","message":"🚀 Server running at http://localhost:5000","timestamp":"2025-06-07 13:00:14"}
{"level":"info","message":"✅ Connected to MongoDB","timestamp":"2025-06-07 15:51:17"}
{"level":"info","message":"🚀 Server running at http://localhost:5000","timestamp":"2025-06-07 15:51:17"}
